<?xml version="1.0" encoding="UTF-8"?>
<robot generator="Robot 6.0.2 (Python 3.10.6 on linux)" generated="20230608 11:58:26.289" rpa="false" schemaversion="3">
<suite id="s1" name="Psu" source="/home/quentin/pza-emu-hanmatek-hm310t/tests/robot/psu.robot">
<test id="s1-t1" name="Read voltage" line="5">
<kw name="Read Voltage Goal" library="Client">
<status status="PASS" starttime="20230608 11:58:26.439" endtime="20230608 11:58:26.490"/>
</kw>
<status status="PASS" starttime="20230608 11:58:26.436" endtime="20230608 11:58:26.491"/>
</test>
<test id="s1-t2" name="Write voltage" line="7">
<kw name="Write Voltage Goal" library="Client">
<arg>20</arg>
<status status="PASS" starttime="20230608 11:58:26.492" endtime="20230608 11:58:26.542"/>
</kw>
<kw name="Voltage Real Should Be" library="Client">
<arg>20</arg>
<status status="PASS" starttime="20230608 11:58:26.542" endtime="20230608 11:58:26.600"/>
</kw>
<kw name="Write Voltage Goal" library="Client">
<arg>40</arg>
<status status="PASS" starttime="20230608 11:58:26.600" endtime="20230608 11:58:26.655"/>
</kw>
<kw name="Voltage Real Should Be" library="Client">
<arg>40</arg>
<status status="PASS" starttime="20230608 11:58:26.656" endtime="20230608 11:58:26.702"/>
</kw>
<status status="PASS" starttime="20230608 11:58:26.491" endtime="20230608 11:58:26.702"/>
</test>
<status status="PASS" starttime="20230608 11:58:26.290" endtime="20230608 11:58:26.703"/>
</suite>
<statistics>
<total>
<stat pass="2" fail="0" skip="0">All Tests</stat>
</total>
<tag>
</tag>
<suite>
<stat pass="2" fail="0" skip="0" id="s1" name="Psu">Psu</stat>
</suite>
</statistics>
<errors>
</errors>
</robot>
